[2024-09-25 15:17:29] local.ERROR: invalid_grant {"exception":"[object] (Kreait\\Firebase\\Exception\\Database\\UnsupportedQuery(code: 400): invalid_grant at C:\\Users\\mca20\\Downloads\\projets1\\projets\\vendor\\kreait\\firebase-php\\src\\Firebase\\Database\\Query.php:86)
[stacktrace]
#0 C:\\Users\\mca20\\Downloads\\projets1\\projets\\app\\Http\\Controllers\\loginController.php(37): Kreait\\Firebase\\Database\\Query->getSnapshot()
#1 C:\\Users\\mca20\\Downloads\\projets1\\projets\\vendor\\laravel\\framework\\src\\Illuminate\\Routing\\ControllerDispatcher.php(46): App\\Http\\Controllers\\loginController->authenticate(Object(Illuminate\\Http\\Request))
#2 C:\\Users\\mca20\\Downloads\\projets1\\projets\\vendor\\laravel\\framework\\src\\Illuminate\\Routing\\Route.php(262): Illuminate\\Routing\\ControllerDispatcher->dispatch(Object(Illuminate\\Routing\\Route), Object(App\\Http\\Controllers\\loginController), 'authenticate')
#3 C:\\Users\\mca20\\Downloads\\projets1\\projets\\vendor\\laravel\\framework\\src\\Illuminate\\Routing\\Route.php(208): Illuminate\\Routing\\Route->runController()
#4 C:\\Users\\mca20\\Downloads\\projets1\\projets\\vendor\\laravel\\framework\\src\\Illuminate\\Routing\\Router.php(808): Illuminate\\Routing\\Route->run()
#5 C:\\Users\\mca20\\Downloads\\projets1\\projets\\vendor\\laravel\\framework\\src\\Illuminate\\Pipeline\\Pipeline.php(144): Illuminate\\Routing\\Router->Illuminate\\Routing\\{closure}(Object(Illuminate\\Http\\Request))
#6 C:\\Users\\mca20\\Downloads\\projets1\\projets\\vendor\\laravel\\framework\\src\\Illuminate\\Routing\\Middleware\\SubstituteBindings.php(51): Illuminate\\Pipeline\\Pipeline->Illuminate\\Pipeline\\{closure}(Object(Illuminate\\Http\\Request))
#7 C:\\Users\\mca20\\Downloads\\projets1\\projets\\vendor\\laravel\\framework\\src\\Illuminate\\Pipeline\\Pipeline.php(183): Illuminate\\Routing\\Middleware\\SubstituteBindings->handle(Object(Illuminate\\Http\\Request), Object(Closure))
#8 C:\\Users\\mca20\\Downloads\\projets1\\projets\\vendor\\laravel\\framework\\src\\Illuminate\\Foundation\\Http\\Middleware\\VerifyCsrfToken.php(88): Illuminate\\Pipeline\\Pipeline->Illuminate\\Pipeline\\{closure}(Object(Illuminate\\Http\\Request))
#9 C:\\Users\\mca20\\Downloads\\projets1\\projets\\vendor\\laravel\\framework\\src\\Illuminate\\Pipeline\\Pipeline.php(183): Illuminate\\Foundation\\Http\\Middleware\\VerifyCsrfToken->handle(Object(Illuminate\\Http\\Request), Object(Closure))
#10 C:\\Users\\mca20\\Downloads\\projets1\\projets\\vendor\\laravel\\framework\\src\\Illuminate\\View\\Middleware\\ShareErrorsFromSession.php(49): Illuminate\\Pipeline\\Pipeline->Illuminate\\Pipeline\\{closure}(Object(Illuminate\\Http\\Request))
#11 C:\\Users\\mca20\\Downloads\\projets1\\projets\\vendor\\laravel\\framework\\src\\Illuminate\\Pipeline\\Pipeline.php(183): Illuminate\\View\\Middleware\\ShareErrorsFromSession->handle(Object(Illuminate\\Http\\Request), Object(Closure))
#12 C:\\Users\\mca20\\Downloads\\projets1\\projets\\vendor\\laravel\\framework\\src\\Illuminate\\Session\\Middleware\\StartSession.php(121): Illuminate\\Pipeline\\Pipeline->Illuminate\\Pipeline\\{closure}(Object(Illuminate\\Http\\Request))
#13 C:\\Users\\mca20\\Downloads\\projets1\\projets\\vendor\\laravel\\framework\\src\\Illuminate\\Session\\Middleware\\StartSession.php(64): Illuminate\\Session\\Middleware\\StartSession->handleStatefulRequest(Object(Illuminate\\Http\\Request), Object(Illuminate\\Session\\Store), Object(Closure))
#14 C:\\Users\\mca20\\Downloads\\projets1\\projets\\vendor\\laravel\\framework\\src\\Illuminate\\Pipeline\\Pipeline.php(183): Illuminate\\Session\\Middleware\\StartSession->handle(Object(Illuminate\\Http\\Request), Object(Closure))
#15 C:\\Users\\mca20\\Downloads\\projets1\\projets\\vendor\\laravel\\framework\\src\\Illuminate\\Cookie\\Middleware\\AddQueuedCookiesToResponse.php(37): Illuminate\\Pipeline\\Pipeline->Illuminate\\Pipeline\\{closure}(Object(Illuminate\\Http\\Request))
#16 C:\\Users\\mca20\\Downloads\\projets1\\projets\\vendor\\laravel\\framework\\src\\Illuminate\\Pipeline\\Pipeline.php(183): Illuminate\\Cookie\\Middleware\\AddQueuedCookiesToResponse->handle(Object(Illuminate\\Http\\Request), Object(Closure))
#17 C:\\Users\\mca20\\Downloads\\projets1\\projets\\vendor\\laravel\\framework\\src\\Illuminate\\Cookie\\Middleware\\EncryptCookies.php(75): Illuminate\\Pipeline\\Pipeline->Illuminate\\Pipeline\\{closure}(Object(Illuminate\\Http\\Request))
#18 C:\\Users\\mca20\\Downloads\\projets1\\projets\\vendor\\laravel\\framework\\src\\Illuminate\\Pipeline\\Pipeline.php(183): Illuminate\\Cookie\\Middleware\\EncryptCookies->handle(Object(Illuminate\\Http\\Request), Object(Closure))
#19 C:\\Users\\mca20\\Downloads\\projets1\\projets\\vendor\\laravel\\framework\\src\\Illuminate\\Pipeline\\Pipeline.php(119): Illuminate\\Pipeline\\Pipeline->Illuminate\\Pipeline\\{closure}(Object(Illuminate\\Http\\Request))
#20 C:\\Users\\mca20\\Downloads\\projets1\\projets\\vendor\\laravel\\framework\\src\\Illuminate\\Routing\\Router.php(807): Illuminate\\Pipeline\\Pipeline->then(Object(Closure))
#21 C:\\Users\\mca20\\Downloads\\projets1\\projets\\vendor\\laravel\\framework\\src\\Illuminate\\Routing\\Router.php(786): Illuminate\\Routing\\Router->runRouteWithinStack(Object(Illuminate\\Routing\\Route), Object(Illuminate\\Http\\Request))
#22 C:\\Users\\mca20\\Downloads\\projets1\\projets\\vendor\\laravel\\framework\\src\\Illuminate\\Routing\\Router.php(750): Illuminate\\Routing\\Router->runRoute(Object(Illuminate\\Http\\Request), Object(Illuminate\\Routing\\Route))
#23 C:\\Users\\mca20\\Downloads\\projets1\\projets\\vendor\\laravel\\framework\\src\\Illuminate\\Routing\\Router.php(739): Illuminate\\Routing\\Router->dispatchToRoute(Object(Illuminate\\Http\\Request))
#24 C:\\Users\\mca20\\Downloads\\projets1\\projets\\vendor\\laravel\\framework\\src\\Illuminate\\Foundation\\Http\\Kernel.php(201): Illuminate\\Routing\\Router->dispatch(Object(Illuminate\\Http\\Request))
#25 C:\\Users\\mca20\\Downloads\\projets1\\projets\\vendor\\laravel\\framework\\src\\Illuminate\\Pipeline\\Pipeline.php(144): Illuminate\\Foundation\\Http\\Kernel->Illuminate\\Foundation\\Http\\{closure}(Object(Illuminate\\Http\\Request))
#26 C:\\Users\\mca20\\Downloads\\projets1\\projets\\vendor\\livewire\\livewire\\src\\Features\\SupportDisablingBackButtonCache\\DisableBackButtonCacheMiddleware.php(19): Illuminate\\Pipeline\\Pipeline->Illuminate\\Pipeline\\{closure}(Object(Illuminate\\Http\\Request))
#27 C:\\Users\\mca20\\Downloads\\projets1\\projets\\vendor\\laravel\\framework\\src\\Illuminate\\Pipeline\\Pipeline.php(183): Livewire\\Features\\SupportDisablingBackButtonCache\\DisableBackButtonCacheMiddleware->handle(Object(Illuminate\\Http\\Request), Object(Closure))
#28 C:\\Users\\mca20\\Downloads\\projets1\\projets\\vendor\\laravel\\framework\\src\\Illuminate\\Foundation\\Http\\Middleware\\TransformsRequest.php(21): Illuminate\\Pipeline\\Pipeline->Illuminate\\Pipeline\\{closure}(Object(Illuminate\\Http\\Request))
#29 C:\\Users\\mca20\\Downloads\\projets1\\projets\\vendor\\laravel\\framework\\src\\Illuminate\\Foundation\\Http\\Middleware\\ConvertEmptyStringsToNull.php(31): Illuminate\\Foundation\\Http\\Middleware\\TransformsRequest->handle(Object(Illuminate\\Http\\Request), Object(Closure))
#30 C:\\Users\\mca20\\Downloads\\projets1\\projets\\vendor\\laravel\\framework\\src\\Illuminate\\Pipeline\\Pipeline.php(183): Illuminate\\Foundation\\Http\\Middleware\\ConvertEmptyStringsToNull->handle(Object(Illuminate\\Http\\Request), Object(Closure))
#31 C:\\Users\\mca20\\Downloads\\projets1\\projets\\vendor\\laravel\\framework\\src\\Illuminate\\Foundation\\Http\\Middleware\\TransformsRequest.php(21): Illuminate\\Pipeline\\Pipeline->Illuminate\\Pipeline\\{closure}(Object(Illuminate\\Http\\Request))
#32 C:\\Users\\mca20\\Downloads\\projets1\\projets\\vendor\\laravel\\framework\\src\\Illuminate\\Foundation\\Http\\Middleware\\TrimStrings.php(51): Illuminate\\Foundation\\Http\\Middleware\\TransformsRequest->handle(Object(Illuminate\\Http\\Request), Object(Closure))
#33 C:\\Users\\mca20\\Downloads\\projets1\\projets\\vendor\\laravel\\framework\\src\\Illuminate\\Pipeline\\Pipeline.php(183): Illuminate\\Foundation\\Http\\Middleware\\TrimStrings->handle(Object(Illuminate\\Http\\Request), Object(Closure))
#34 C:\\Users\\mca20\\Downloads\\projets1\\projets\\vendor\\laravel\\framework\\src\\Illuminate\\Http\\Middleware\\ValidatePostSize.php(27): Illuminate\\Pipeline\\Pipeline->Illuminate\\Pipeline\\{closure}(Object(Illuminate\\Http\\Request))
#35 C:\\Users\\mca20\\Downloads\\projets1\\projets\\vendor\\laravel\\framework\\src\\Illuminate\\Pipeline\\Pipeline.php(183): Illuminate\\Http\\Middleware\\ValidatePostSize->handle(Object(Illuminate\\Http\\Request), Object(Closure))
#36 C:\\Users\\mca20\\Downloads\\projets1\\projets\\vendor\\laravel\\framework\\src\\Illuminate\\Foundation\\Http\\Middleware\\PreventRequestsDuringMaintenance.php(110): Illuminate\\Pipeline\\Pipeline->Illuminate\\Pipeline\\{closure}(Object(Illuminate\\Http\\Request))
#37 C:\\Users\\mca20\\Downloads\\projets1\\projets\\vendor\\laravel\\framework\\src\\Illuminate\\Pipeline\\Pipeline.php(183): Illuminate\\Foundation\\Http\\Middleware\\PreventRequestsDuringMaintenance->handle(Object(Illuminate\\Http\\Request), Object(Closure))
#38 C:\\Users\\mca20\\Downloads\\projets1\\projets\\vendor\\laravel\\framework\\src\\Illuminate\\Http\\Middleware\\HandleCors.php(49): Illuminate\\Pipeline\\Pipeline->Illuminate\\Pipeline\\{closure}(Object(Illuminate\\Http\\Request))
#39 C:\\Users\\mca20\\Downloads\\projets1\\projets\\vendor\\laravel\\framework\\src\\Illuminate\\Pipeline\\Pipeline.php(183): Illuminate\\Http\\Middleware\\HandleCors->handle(Object(Illuminate\\Http\\Request), Object(Closure))
#40 C:\\Users\\mca20\\Downloads\\projets1\\projets\\vendor\\laravel\\framework\\src\\Illuminate\\Http\\Middleware\\TrustProxies.php(58): Illuminate\\Pipeline\\Pipeline->Illuminate\\Pipeline\\{closure}(Object(Illuminate\\Http\\Request))
#41 C:\\Users\\mca20\\Downloads\\projets1\\projets\\vendor\\laravel\\framework\\src\\Illuminate\\Pipeline\\Pipeline.php(183): Illuminate\\Http\\Middleware\\TrustProxies->handle(Object(Illuminate\\Http\\Request), Object(Closure))
#42 C:\\Users\\mca20\\Downloads\\projets1\\projets\\vendor\\laravel\\framework\\src\\Illuminate\\Foundation\\Http\\Middleware\\InvokeDeferredCallbacks.php(22): Illuminate\\Pipeline\\Pipeline->Illuminate\\Pipeline\\{closure}(Object(Illuminate\\Http\\Request))
#43 C:\\Users\\mca20\\Downloads\\projets1\\projets\\vendor\\laravel\\framework\\src\\Illuminate\\Pipeline\\Pipeline.php(183): Illuminate\\Foundation\\Http\\Middleware\\InvokeDeferredCallbacks->handle(Object(Illuminate\\Http\\Request), Object(Closure))
#44 C:\\Users\\mca20\\Downloads\\projets1\\projets\\vendor\\laravel\\framework\\src\\Illuminate\\Pipeline\\Pipeline.php(119): Illuminate\\Pipeline\\Pipeline->Illuminate\\Pipeline\\{closure}(Object(Illuminate\\Http\\Request))
#45 C:\\Users\\mca20\\Downloads\\projets1\\projets\\vendor\\laravel\\framework\\src\\Illuminate\\Foundation\\Http\\Kernel.php(176): Illuminate\\Pipeline\\Pipeline->then(Object(Closure))
#46 C:\\Users\\mca20\\Downloads\\projets1\\projets\\vendor\\laravel\\framework\\src\\Illuminate\\Foundation\\Http\\Kernel.php(145): Illuminate\\Foundation\\Http\\Kernel->sendRequestThroughRouter(Object(Illuminate\\Http\\Request))
#47 C:\\Users\\mca20\\Downloads\\projets1\\projets\\vendor\\laravel\\framework\\src\\Illuminate\\Foundation\\Application.php(1188): Illuminate\\Foundation\\Http\\Kernel->handle(Object(Illuminate\\Http\\Request))
#48 C:\\Users\\mca20\\Downloads\\projets1\\projets\\public\\index.php(17): Illuminate\\Foundation\\Application->handleRequest(Object(Illuminate\\Http\\Request))
#49 {main}

[previous exception] [object] (GuzzleHttp\\Exception\\ClientException(code: 400): Client error: `POST https://oauth2.googleapis.com/token` resulted in a `400 Bad Request` response:
{\"error\":\"invalid_grant\",\"error_description\":\"Invalid JWT Signature.\"}
 at C:\\Users\\mca20\\Downloads\\projets1\\projets\\vendor\\guzzlehttp\\guzzle\\src\\Exception\\RequestException.php:111)
[stacktrace]
#0 C:\\Users\\mca20\\Downloads\\projets1\\projets\\vendor\\guzzlehttp\\guzzle\\src\\Middleware.php(72): GuzzleHttp\\Exception\\RequestException::create(Object(GuzzleHttp\\Psr7\\Request), Object(GuzzleHttp\\Psr7\\Response), NULL, Array, NULL)
#1 C:\\Users\\mca20\\Downloads\\projets1\\projets\\vendor\\guzzlehttp\\promises\\src\\Promise.php(209): GuzzleHttp\\Middleware::GuzzleHttp\\{closure}(Object(GuzzleHttp\\Psr7\\Response))
#2 C:\\Users\\mca20\\Downloads\\projets1\\projets\\vendor\\guzzlehttp\\promises\\src\\Promise.php(158): GuzzleHttp\\Promise\\Promise::callHandler(1, Object(GuzzleHttp\\Psr7\\Response), NULL)
#3 C:\\Users\\mca20\\Downloads\\projets1\\projets\\vendor\\guzzlehttp\\promises\\src\\TaskQueue.php(52): GuzzleHttp\\Promise\\Promise::GuzzleHttp\\Promise\\{closure}()
#4 C:\\Users\\mca20\\Downloads\\projets1\\projets\\vendor\\guzzlehttp\\promises\\src\\Promise.php(251): GuzzleHttp\\Promise\\TaskQueue->run(true)
#5 C:\\Users\\mca20\\Downloads\\projets1\\projets\\vendor\\guzzlehttp\\promises\\src\\Promise.php(227): GuzzleHttp\\Promise\\Promise->invokeWaitFn()
#6 C:\\Users\\mca20\\Downloads\\projets1\\projets\\vendor\\guzzlehttp\\promises\\src\\Promise.php(272): GuzzleHttp\\Promise\\Promise->waitIfPending()
#7 C:\\Users\\mca20\\Downloads\\projets1\\projets\\vendor\\guzzlehttp\\promises\\src\\Promise.php(229): GuzzleHttp\\Promise\\Promise->invokeWaitList()
#8 C:\\Users\\mca20\\Downloads\\projets1\\projets\\vendor\\guzzlehttp\\promises\\src\\Promise.php(69): GuzzleHttp\\Promise\\Promise->waitIfPending()
#9 C:\\Users\\mca20\\Downloads\\projets1\\projets\\vendor\\guzzlehttp\\guzzle\\src\\Client.php(124): GuzzleHttp\\Promise\\Promise->wait()
#10 C:\\Users\\mca20\\Downloads\\projets1\\projets\\vendor\\google\\auth\\src\\HttpHandler\\Guzzle6HttpHandler.php(47): GuzzleHttp\\Client->send(Object(GuzzleHttp\\Psr7\\Request), Array)
#11 C:\\Users\\mca20\\Downloads\\projets1\\projets\\vendor\\google\\auth\\src\\OAuth2.php(675): Google\\Auth\\HttpHandler\\Guzzle6HttpHandler->__invoke(Object(GuzzleHttp\\Psr7\\Request))
#12 C:\\Users\\mca20\\Downloads\\projets1\\projets\\vendor\\google\\auth\\src\\Credentials\\ServiceAccountCredentials.php(218): Google\\Auth\\OAuth2->fetchAuthToken(Object(Google\\Auth\\HttpHandler\\Guzzle7HttpHandler), Array)
#13 C:\\Users\\mca20\\Downloads\\projets1\\projets\\vendor\\google\\auth\\src\\UpdateMetadataTrait.php(66): Google\\Auth\\Credentials\\ServiceAccountCredentials->fetchAuthToken(Object(Google\\Auth\\HttpHandler\\Guzzle7HttpHandler))
#14 C:\\Users\\mca20\\Downloads\\projets1\\projets\\vendor\\google\\auth\\src\\Credentials\\ServiceAccountCredentials.php(284): Google\\Auth\\CredentialsLoader->updateMetadata(Array, NULL, Object(Google\\Auth\\HttpHandler\\Guzzle7HttpHandler))
#15 C:\\Users\\mca20\\Downloads\\projets1\\projets\\vendor\\google\\auth\\src\\FetchAuthTokenCache.php(263): Google\\Auth\\Credentials\\ServiceAccountCredentials->updateMetadata(Array, NULL, Object(Google\\Auth\\HttpHandler\\Guzzle7HttpHandler))
#16 C:\\Users\\mca20\\Downloads\\projets1\\projets\\vendor\\google\\auth\\src\\Middleware\\AuthTokenMiddleware.php(138): Google\\Auth\\FetchAuthTokenCache->updateMetadata(Array, NULL, Object(Google\\Auth\\HttpHandler\\Guzzle7HttpHandler))
#17 C:\\Users\\mca20\\Downloads\\projets1\\projets\\vendor\\google\\auth\\src\\Middleware\\AuthTokenMiddleware.php(108): Google\\Auth\\Middleware\\AuthTokenMiddleware->addAuthHeaders(Object(GuzzleHttp\\Psr7\\Request))
#18 C:\\Users\\mca20\\Downloads\\projets1\\projets\\vendor\\kreait\\firebase-php\\src\\Firebase\\Http\\Middleware.php(43): Google\\Auth\\Middleware\\AuthTokenMiddleware->Google\\Auth\\Middleware\\{closure}(Object(GuzzleHttp\\Psr7\\Request), Array)
#19 C:\\Users\\mca20\\Downloads\\projets1\\projets\\vendor\\guzzlehttp\\guzzle\\src\\PrepareBodyMiddleware.php(35): Kreait\\Firebase\\Http\\Middleware::Kreait\\Firebase\\Http\\{closure}(Object(GuzzleHttp\\Psr7\\Request), Array)
#20 C:\\Users\\mca20\\Downloads\\projets1\\projets\\vendor\\guzzlehttp\\guzzle\\src\\Middleware.php(31): GuzzleHttp\\PrepareBodyMiddleware->__invoke(Object(GuzzleHttp\\Psr7\\Request), Array)
#21 C:\\Users\\mca20\\Downloads\\projets1\\projets\\vendor\\guzzlehttp\\guzzle\\src\\RedirectMiddleware.php(71): GuzzleHttp\\Middleware::GuzzleHttp\\{closure}(Object(GuzzleHttp\\Psr7\\Request), Array)
#22 C:\\Users\\mca20\\Downloads\\projets1\\projets\\vendor\\guzzlehttp\\guzzle\\src\\Middleware.php(66): GuzzleHttp\\RedirectMiddleware->__invoke(Object(GuzzleHttp\\Psr7\\Request), Array)
#23 C:\\Users\\mca20\\Downloads\\projets1\\projets\\vendor\\guzzlehttp\\guzzle\\src\\HandlerStack.php(75): GuzzleHttp\\Middleware::GuzzleHttp\\{closure}(Object(GuzzleHttp\\Psr7\\Request), Array)
#24 C:\\Users\\mca20\\Downloads\\projets1\\projets\\vendor\\guzzlehttp\\guzzle\\src\\Client.php(333): GuzzleHttp\\HandlerStack->__invoke(Object(GuzzleHttp\\Psr7\\Request), Array)
#25 C:\\Users\\mca20\\Downloads\\projets1\\projets\\vendor\\guzzlehttp\\guzzle\\src\\Client.php(106): GuzzleHttp\\Client->transfer(Object(GuzzleHttp\\Psr7\\Request), Array)
#26 C:\\Users\\mca20\\Downloads\\projets1\\projets\\vendor\\guzzlehttp\\guzzle\\src\\Client.php(124): GuzzleHttp\\Client->sendAsync(Object(GuzzleHttp\\Psr7\\Request), Array)
#27 C:\\Users\\mca20\\Downloads\\projets1\\projets\\vendor\\kreait\\firebase-php\\src\\Firebase\\Database\\ApiClient.php(162): GuzzleHttp\\Client->send(Object(GuzzleHttp\\Psr7\\Request), Array)
#28 C:\\Users\\mca20\\Downloads\\projets1\\projets\\vendor\\kreait\\firebase-php\\src\\Firebase\\Database\\ApiClient.php(36): Kreait\\Firebase\\Database\\ApiClient->requestApi('GET', '/register?order...')
#29 C:\\Users\\mca20\\Downloads\\projets1\\projets\\vendor\\kreait\\firebase-php\\src\\Firebase\\Database\\Query.php(82): Kreait\\Firebase\\Database\\ApiClient->get('/register?order...')
#30 C:\\Users\\mca20\\Downloads\\projets1\\projets\\app\\Http\\Controllers\\loginController.php(37): Kreait\\Firebase\\Database\\Query->getSnapshot()
#31 C:\\Users\\mca20\\Downloads\\projets1\\projets\\vendor\\laravel\\framework\\src\\Illuminate\\Routing\\ControllerDispatcher.php(46): App\\Http\\Controllers\\loginController->authenticate(Object(Illuminate\\Http\\Request))
#32 C:\\Users\\mca20\\Downloads\\projets1\\projets\\vendor\\laravel\\framework\\src\\Illuminate\\Routing\\Route.php(262): Illuminate\\Routing\\ControllerDispatcher->dispatch(Object(Illuminate\\Routing\\Route), Object(App\\Http\\Controllers\\loginController), 'authenticate')
#33 C:\\Users\\mca20\\Downloads\\projets1\\projets\\vendor\\laravel\\framework\\src\\Illuminate\\Routing\\Route.php(208): Illuminate\\Routing\\Route->runController()
#34 C:\\Users\\mca20\\Downloads\\projets1\\projets\\vendor\\laravel\\framework\\src\\Illuminate\\Routing\\Router.php(808): Illuminate\\Routing\\Route->run()
#35 C:\\Users\\mca20\\Downloads\\projets1\\projets\\vendor\\laravel\\framework\\src\\Illuminate\\Pipeline\\Pipeline.php(144): Illuminate\\Routing\\Router->Illuminate\\Routing\\{closure}(Object(Illuminate\\Http\\Request))
#36 C:\\Users\\mca20\\Downloads\\projets1\\projets\\vendor\\laravel\\framework\\src\\Illuminate\\Routing\\Middleware\\SubstituteBindings.php(51): Illuminate\\Pipeline\\Pipeline->Illuminate\\Pipeline\\{closure}(Object(Illuminate\\Http\\Request))
#37 C:\\Users\\mca20\\Downloads\\projets1\\projets\\vendor\\laravel\\framework\\src\\Illuminate\\Pipeline\\Pipeline.php(183): Illuminate\\Routing\\Middleware\\SubstituteBindings->handle(Object(Illuminate\\Http\\Request), Object(Closure))
#38 C:\\Users\\mca20\\Downloads\\projets1\\projets\\vendor\\laravel\\framework\\src\\Illuminate\\Foundation\\Http\\Middleware\\VerifyCsrfToken.php(88): Illuminate\\Pipeline\\Pipeline->Illuminate\\Pipeline\\{closure}(Object(Illuminate\\Http\\Request))
#39 C:\\Users\\mca20\\Downloads\\projets1\\projets\\vendor\\laravel\\framework\\src\\Illuminate\\Pipeline\\Pipeline.php(183): Illuminate\\Foundation\\Http\\Middleware\\VerifyCsrfToken->handle(Object(Illuminate\\Http\\Request), Object(Closure))
#40 C:\\Users\\mca20\\Downloads\\projets1\\projets\\vendor\\laravel\\framework\\src\\Illuminate\\View\\Middleware\\ShareErrorsFromSession.php(49): Illuminate\\Pipeline\\Pipeline->Illuminate\\Pipeline\\{closure}(Object(Illuminate\\Http\\Request))
#41 C:\\Users\\mca20\\Downloads\\projets1\\projets\\vendor\\laravel\\framework\\src\\Illuminate\\Pipeline\\Pipeline.php(183): Illuminate\\View\\Middleware\\ShareErrorsFromSession->handle(Object(Illuminate\\Http\\Request), Object(Closure))
#42 C:\\Users\\mca20\\Downloads\\projets1\\projets\\vendor\\laravel\\framework\\src\\Illuminate\\Session\\Middleware\\StartSession.php(121): Illuminate\\Pipeline\\Pipeline->Illuminate\\Pipeline\\{closure}(Object(Illuminate\\Http\\Request))
#43 C:\\Users\\mca20\\Downloads\\projets1\\projets\\vendor\\laravel\\framework\\src\\Illuminate\\Session\\Middleware\\StartSession.php(64): Illuminate\\Session\\Middleware\\StartSession->handleStatefulRequest(Object(Illuminate\\Http\\Request), Object(Illuminate\\Session\\Store), Object(Closure))
#44 C:\\Users\\mca20\\Downloads\\projets1\\projets\\vendor\\laravel\\framework\\src\\Illuminate\\Pipeline\\Pipeline.php(183): Illuminate\\Session\\Middleware\\StartSession->handle(Object(Illuminate\\Http\\Request), Object(Closure))
#45 C:\\Users\\mca20\\Downloads\\projets1\\projets\\vendor\\laravel\\framework\\src\\Illuminate\\Cookie\\Middleware\\AddQueuedCookiesToResponse.php(37): Illuminate\\Pipeline\\Pipeline->Illuminate\\Pipeline\\{closure}(Object(Illuminate\\Http\\Request))
#46 C:\\Users\\mca20\\Downloads\\projets1\\projets\\vendor\\laravel\\framework\\src\\Illuminate\\Pipeline\\Pipeline.php(183): Illuminate\\Cookie\\Middleware\\AddQueuedCookiesToResponse->handle(Object(Illuminate\\Http\\Request), Object(Closure))
#47 C:\\Users\\mca20\\Downloads\\projets1\\projets\\vendor\\laravel\\framework\\src\\Illuminate\\Cookie\\Middleware\\EncryptCookies.php(75): Illuminate\\Pipeline\\Pipeline->Illuminate\\Pipeline\\{closure}(Object(Illuminate\\Http\\Request))
#48 C:\\Users\\mca20\\Downloads\\projets1\\projets\\vendor\\laravel\\framework\\src\\Illuminate\\Pipeline\\Pipeline.php(183): Illuminate\\Cookie\\Middleware\\EncryptCookies->handle(Object(Illuminate\\Http\\Request), Object(Closure))
#49 C:\\Users\\mca20\\Downloads\\projets1\\projets\\vendor\\laravel\\framework\\src\\Illuminate\\Pipeline\\Pipeline.php(119): Illuminate\\Pipeline\\Pipeline->Illuminate\\Pipeline\\{closure}(Object(Illuminate\\Http\\Request))
#50 C:\\Users\\mca20\\Downloads\\projets1\\projets\\vendor\\laravel\\framework\\src\\Illuminate\\Routing\\Router.php(807): Illuminate\\Pipeline\\Pipeline->then(Object(Closure))
#51 C:\\Users\\mca20\\Downloads\\projets1\\projets\\vendor\\laravel\\framework\\src\\Illuminate\\Routing\\Router.php(786): Illuminate\\Routing\\Router->runRouteWithinStack(Object(Illuminate\\Routing\\Route), Object(Illuminate\\Http\\Request))
#52 C:\\Users\\mca20\\Downloads\\projets1\\projets\\vendor\\laravel\\framework\\src\\Illuminate\\Routing\\Router.php(750): Illuminate\\Routing\\Router->runRoute(Object(Illuminate\\Http\\Request), Object(Illuminate\\Routing\\Route))
#53 C:\\Users\\mca20\\Downloads\\projets1\\projets\\vendor\\laravel\\framework\\src\\Illuminate\\Routing\\Router.php(739): Illuminate\\Routing\\Router->dispatchToRoute(Object(Illuminate\\Http\\Request))
#54 C:\\Users\\mca20\\Downloads\\projets1\\projets\\vendor\\laravel\\framework\\src\\Illuminate\\Foundation\\Http\\Kernel.php(201): Illuminate\\Routing\\Router->dispatch(Object(Illuminate\\Http\\Request))
#55 C:\\Users\\mca20\\Downloads\\projets1\\projets\\vendor\\laravel\\framework\\src\\Illuminate\\Pipeline\\Pipeline.php(144): Illuminate\\Foundation\\Http\\Kernel->Illuminate\\Foundation\\Http\\{closure}(Object(Illuminate\\Http\\Request))
#56 C:\\Users\\mca20\\Downloads\\projets1\\projets\\vendor\\livewire\\livewire\\src\\Features\\SupportDisablingBackButtonCache\\DisableBackButtonCacheMiddleware.php(19): Illuminate\\Pipeline\\Pipeline->Illuminate\\Pipeline\\{closure}(Object(Illuminate\\Http\\Request))
#57 C:\\Users\\mca20\\Downloads\\projets1\\projets\\vendor\\laravel\\framework\\src\\Illuminate\\Pipeline\\Pipeline.php(183): Livewire\\Features\\SupportDisablingBackButtonCache\\DisableBackButtonCacheMiddleware->handle(Object(Illuminate\\Http\\Request), Object(Closure))
#58 C:\\Users\\mca20\\Downloads\\projets1\\projets\\vendor\\laravel\\framework\\src\\Illuminate\\Foundation\\Http\\Middleware\\TransformsRequest.php(21): Illuminate\\Pipeline\\Pipeline->Illuminate\\Pipeline\\{closure}(Object(Illuminate\\Http\\Request))
#59 C:\\Users\\mca20\\Downloads\\projets1\\projets\\vendor\\laravel\\framework\\src\\Illuminate\\Foundation\\Http\\Middleware\\ConvertEmptyStringsToNull.php(31): Illuminate\\Foundation\\Http\\Middleware\\TransformsRequest->handle(Object(Illuminate\\Http\\Request), Object(Closure))
#60 C:\\Users\\mca20\\Downloads\\projets1\\projets\\vendor\\laravel\\framework\\src\\Illuminate\\Pipeline\\Pipeline.php(183): Illuminate\\Foundation\\Http\\Middleware\\ConvertEmptyStringsToNull->handle(Object(Illuminate\\Http\\Request), Object(Closure))
#61 C:\\Users\\mca20\\Downloads\\projets1\\projets\\vendor\\laravel\\framework\\src\\Illuminate\\Foundation\\Http\\Middleware\\TransformsRequest.php(21): Illuminate\\Pipeline\\Pipeline->Illuminate\\Pipeline\\{closure}(Object(Illuminate\\Http\\Request))
#62 C:\\Users\\mca20\\Downloads\\projets1\\projets\\vendor\\laravel\\framework\\src\\Illuminate\\Foundation\\Http\\Middleware\\TrimStrings.php(51): Illuminate\\Foundation\\Http\\Middleware\\TransformsRequest->handle(Object(Illuminate\\Http\\Request), Object(Closure))
#63 C:\\Users\\mca20\\Downloads\\projets1\\projets\\vendor\\laravel\\framework\\src\\Illuminate\\Pipeline\\Pipeline.php(183): Illuminate\\Foundation\\Http\\Middleware\\TrimStrings->handle(Object(Illuminate\\Http\\Request), Object(Closure))
#64 C:\\Users\\mca20\\Downloads\\projets1\\projets\\vendor\\laravel\\framework\\src\\Illuminate\\Http\\Middleware\\ValidatePostSize.php(27): Illuminate\\Pipeline\\Pipeline->Illuminate\\Pipeline\\{closure}(Object(Illuminate\\Http\\Request))
#65 C:\\Users\\mca20\\Downloads\\projets1\\projets\\vendor\\laravel\\framework\\src\\Illuminate\\Pipeline\\Pipeline.php(183): Illuminate\\Http\\Middleware\\ValidatePostSize->handle(Object(Illuminate\\Http\\Request), Object(Closure))
#66 C:\\Users\\mca20\\Downloads\\projets1\\projets\\vendor\\laravel\\framework\\src\\Illuminate\\Foundation\\Http\\Middleware\\PreventRequestsDuringMaintenance.php(110): Illuminate\\Pipeline\\Pipeline->Illuminate\\Pipeline\\{closure}(Object(Illuminate\\Http\\Request))
#67 C:\\Users\\mca20\\Downloads\\projets1\\projets\\vendor\\laravel\\framework\\src\\Illuminate\\Pipeline\\Pipeline.php(183): Illuminate\\Foundation\\Http\\Middleware\\PreventRequestsDuringMaintenance->handle(Object(Illuminate\\Http\\Request), Object(Closure))
#68 C:\\Users\\mca20\\Downloads\\projets1\\projets\\vendor\\laravel\\framework\\src\\Illuminate\\Http\\Middleware\\HandleCors.php(49): Illuminate\\Pipeline\\Pipeline->Illuminate\\Pipeline\\{closure}(Object(Illuminate\\Http\\Request))
#69 C:\\Users\\mca20\\Downloads\\projets1\\projets\\vendor\\laravel\\framework\\src\\Illuminate\\Pipeline\\Pipeline.php(183): Illuminate\\Http\\Middleware\\HandleCors->handle(Object(Illuminate\\Http\\Request), Object(Closure))
#70 C:\\Users\\mca20\\Downloads\\projets1\\projets\\vendor\\laravel\\framework\\src\\Illuminate\\Http\\Middleware\\TrustProxies.php(58): Illuminate\\Pipeline\\Pipeline->Illuminate\\Pipeline\\{closure}(Object(Illuminate\\Http\\Request))
#71 C:\\Users\\mca20\\Downloads\\projets1\\projets\\vendor\\laravel\\framework\\src\\Illuminate\\Pipeline\\Pipeline.php(183): Illuminate\\Http\\Middleware\\TrustProxies->handle(Object(Illuminate\\Http\\Request), Object(Closure))
#72 C:\\Users\\mca20\\Downloads\\projets1\\projets\\vendor\\laravel\\framework\\src\\Illuminate\\Foundation\\Http\\Middleware\\InvokeDeferredCallbacks.php(22): Illuminate\\Pipeline\\Pipeline->Illuminate\\Pipeline\\{closure}(Object(Illuminate\\Http\\Request))
#73 C:\\Users\\mca20\\Downloads\\projets1\\projets\\vendor\\laravel\\framework\\src\\Illuminate\\Pipeline\\Pipeline.php(183): Illuminate\\Foundation\\Http\\Middleware\\InvokeDeferredCallbacks->handle(Object(Illuminate\\Http\\Request), Object(Closure))
#74 C:\\Users\\mca20\\Downloads\\projets1\\projets\\vendor\\laravel\\framework\\src\\Illuminate\\Pipeline\\Pipeline.php(119): Illuminate\\Pipeline\\Pipeline->Illuminate\\Pipeline\\{closure}(Object(Illuminate\\Http\\Request))
#75 C:\\Users\\mca20\\Downloads\\projets1\\projets\\vendor\\laravel\\framework\\src\\Illuminate\\Foundation\\Http\\Kernel.php(176): Illuminate\\Pipeline\\Pipeline->then(Object(Closure))
#76 C:\\Users\\mca20\\Downloads\\projets1\\projets\\vendor\\laravel\\framework\\src\\Illuminate\\Foundation\\Http\\Kernel.php(145): Illuminate\\Foundation\\Http\\Kernel->sendRequestThroughRouter(Object(Illuminate\\Http\\Request))
#77 C:\\Users\\mca20\\Downloads\\projets1\\projets\\vendor\\laravel\\framework\\src\\Illuminate\\Foundation\\Application.php(1188): Illuminate\\Foundation\\Http\\Kernel->handle(Object(Illuminate\\Http\\Request))
#78 C:\\Users\\mca20\\Downloads\\projets1\\projets\\public\\index.php(17): Illuminate\\Foundation\\Application->handleRequest(Object(Illuminate\\Http\\Request))
#79 {main}
"} 
[2024-09-26 15:09:59] local.INFO: Email envoyé à : leonelyapi30@gmail.com  
[2024-09-26 15:13:51] local.INFO: Email envoyé à : leonelyapi30@gmail.com  
[2024-09-26 15:21:12] local.INFO: Email envoyé à : leonelyapi30@gmail.com  
[2024-09-26 15:29:36] local.INFO: Email envoyé à : leonelyapi30@gmail.com  
[2024-09-26 15:36:20] local.ERROR: Erreur lors de l'envoi de l'email de contact : Undefined array key "email"  
[2024-09-26 15:38:36] local.INFO: Email envoyé à : leonelyapi30@gmail.com  
[2024-09-26 15:42:15] local.INFO: Email envoyé à : leonelyapi30@gmail.com  
[2024-09-26 15:50:04] local.INFO: Email envoyé à : leonelyapi30@gmail.com  
